2022.12.03 00:44:07 INFO  tracing is disabled for protocol LSP, to enable tracing of incoming and outgoing JSON messages create an empty file at /Users/parth/Projects/Python/miscellaneous/advent-of-code-2022/.metals/lsp.trace.json or /Users/parth/Library/Caches/org.scalameta.metals/lsp.trace.json[0m
2022.12.03 00:44:07 INFO  logging to file /Users/parth/Projects/Python/miscellaneous/advent-of-code-2022/.metals/metals.log[0m
2022.12.03 00:44:07 INFO  Started: Metals version 0.11.9 in workspace '/Users/parth/Projects/Python/miscellaneous/advent-of-code-2022' for client Visual Studio Code 1.73.1.[0m
2022.12.03 00:44:11 INFO  time: initialize in 3.99s[0m
2022.12.03 00:44:13 WARN  Build server is not auto-connectable.[0m
2022.12.03 00:44:13 WARN  no build tool detected in workspace '/Users/parth/Projects/Python/miscellaneous/advent-of-code-2022'. The most common cause for this problem is that the editor was opened in the wrong working directory, for example if you use sbt then the workspace directory should contain build.sbt. [0m
2022.12.03 00:44:13 WARN  no build target for: /Users/parth/Projects/Python/miscellaneous/advent-of-code-2022/day3/main.scala[0m
2022.12.03 00:44:48 INFO  no build target found for /Users/parth/Projects/Python/miscellaneous/advent-of-code-2022/day3/main.scala. Using presentation compiler with project's scala-library version: 3.2.0[0m
Dec 03, 2022 12:44:49 AM org.eclipse.lsp4j.jsonrpc.RemoteEndpoint handleCancellation
WARNING: Unmatched cancel notification for request id 12
Dec 03, 2022 12:44:49 AM org.eclipse.lsp4j.jsonrpc.RemoteEndpoint handleCancellation
WARNING: Unmatched cancel notification for request id 16
Dec 03, 2022 12:44:49 AM org.eclipse.lsp4j.jsonrpc.RemoteEndpoint handleCancellation
WARNING: Unmatched cancel notification for request id 14
Dec 03, 2022 12:44:49 AM org.eclipse.lsp4j.jsonrpc.RemoteEndpoint handleCancellation
WARNING: Unmatched cancel notification for request id 17
Dec 03, 2022 12:44:49 AM org.eclipse.lsp4j.jsonrpc.RemoteEndpoint handleCancellation
WARNING: Unmatched cancel notification for request id 19
Dec 03, 2022 12:44:49 AM org.eclipse.lsp4j.jsonrpc.RemoteEndpoint handleCancellation
WARNING: Unmatched cancel notification for request id 23
Dec 03, 2022 12:44:49 AM org.eclipse.lsp4j.jsonrpc.RemoteEndpoint handleCancellation
WARNING: Unmatched cancel notification for request id 26
Dec 03, 2022 12:44:49 AM org.eclipse.lsp4j.jsonrpc.RemoteEndpoint handleCancellation
WARNING: Unmatched cancel notification for request id 29
Dec 03, 2022 12:44:49 AM org.eclipse.lsp4j.jsonrpc.RemoteEndpoint handleCancellation
WARNING: Unmatched cancel notification for request id 22
Dec 03, 2022 12:44:49 AM org.eclipse.lsp4j.jsonrpc.RemoteEndpoint handleCancellation
WARNING: Unmatched cancel notification for request id 33
Dec 03, 2022 12:44:49 AM org.eclipse.lsp4j.jsonrpc.RemoteEndpoint handleCancellation
WARNING: Unmatched cancel notification for request id 38
2022.12.03 00:44:49 INFO  time: code lens generation in 36s[0m
2022.12.03 00:44:49 INFO  time: code lens generation in 34s[0m
Dec 03, 2022 12:45:01 AM org.eclipse.lsp4j.jsonrpc.RemoteEndpoint handleCancellation
WARNING: Unmatched cancel notification for request id 68
Dec 03, 2022 12:51:35 AM org.eclipse.lsp4j.jsonrpc.RemoteEndpoint handleCancellation
WARNING: Unmatched cancel notification for request id 1030
2022.12.03 01:01:53 WARN  no build target for: /Users/parth/Projects/Python/miscellaneous/advent-of-code-2022/day3/main.scala[0m
2022.12.03 01:01:56 WARN  no build target for: /Users/parth/Projects/Python/miscellaneous/advent-of-code-2022/day3/main.scala[0m
2022.12.03 01:04:35 WARN  no build target for: /Users/parth/Projects/Python/miscellaneous/advent-of-code-2022/day3/main.scala[0m
2022.12.03 01:14:13 WARN  no build target for: /Users/parth/Projects/Python/miscellaneous/advent-of-code-2022/day3/main.scala[0m
Dec 03, 2022 1:16:46 AM org.eclipse.lsp4j.jsonrpc.RemoteEndpoint handleCancellation
WARNING: Unmatched cancel notification for request id 2486
2022.12.03 01:17:32 WARN  no build target for: /Users/parth/Projects/Python/miscellaneous/advent-of-code-2022/day3/main.scala[0m
2022.12.03 01:18:05 WARN  no build target for: /Users/parth/Projects/Python/miscellaneous/advent-of-code-2022/day3/main.scala[0m
2022.12.03 03:13:45 WARN  no build target for: /Users/parth/Projects/Python/miscellaneous/advent-of-code-2022/day3/main.scala[0m
2022.12.03 03:15:52 WARN  no build target for: /Users/parth/Projects/Python/miscellaneous/advent-of-code-2022/day3/main.scala[0m
2022.12.03 03:24:15 WARN  no build target for: /Users/parth/Projects/Python/miscellaneous/advent-of-code-2022/day3/main.scala[0m
2022.12.03 03:24:15 WARN  no build target for: /Users/parth/Projects/Python/miscellaneous/advent-of-code-2022/day3/main.scala[0m
Dec 03, 2022 3:27:49 AM scala.meta.internal.pc.CompilerAccess handleError
SEVERE: NoDenotation.owner
java.lang.AssertionError: NoDenotation.owner
	at dotty.tools.dotc.core.SymDenotations$NoDenotation$.owner(SymDenotations.scala:2499)
	at scala.meta.internal.pc.SignatureHelpProvider$.isValid(SignatureHelpProvider.scala:88)
	at scala.meta.internal.pc.SignatureHelpProvider$.notCurrentApply(SignatureHelpProvider.scala:101)
	at scala.meta.internal.pc.SignatureHelpProvider$.$anonfun$1(SignatureHelpProvider.scala:49)
	at scala.collection.StrictOptimizedLinearSeqOps.loop$3(LinearSeq.scala:280)
	at scala.collection.StrictOptimizedLinearSeqOps.dropWhile(LinearSeq.scala:282)
	at scala.collection.StrictOptimizedLinearSeqOps.dropWhile$(LinearSeq.scala:278)
	at scala.collection.immutable.List.dropWhile(List.scala:79)
	at scala.meta.internal.pc.SignatureHelpProvider$.signatureHelp(SignatureHelpProvider.scala:49)

2022.12.03 03:29:06 WARN  no build target for: /Users/parth/Projects/Python/miscellaneous/advent-of-code-2022/day3/main.scala[0m
Dec 03, 2022 3:30:10 AM org.eclipse.lsp4j.jsonrpc.RemoteEndpoint handleCancellation
WARNING: Unmatched cancel notification for request id 3602
Exception in thread "pool-3-thread-1" java.lang.InterruptedException
	at scala.meta.internal.metals.FutureCancelToken.checkCanceled(FutureCancelToken.scala:29)
	at scala.meta.internal.pc.CompilerAccess.onCompilerJobQueue$$anonfun$1(CompilerAccess.scala:195)
	at scala.meta.internal.pc.CompilerJobQueue$Job.run(CompilerJobQueue.scala:152)
	at java.base/java.util.concurrent.ThreadPoolExecutor.runWorker(ThreadPoolExecutor.java:1128)
	at java.base/java.util.concurrent.ThreadPoolExecutor$Worker.run(ThreadPoolExecutor.java:628)
	at java.base/java.lang.Thread.run(Thread.java:830)
2022.12.03 03:31:32 WARN  no build target for: /Users/parth/Projects/Python/miscellaneous/advent-of-code-2022/day3/main.scala[0m
2022.12.03 03:31:45 WARN  no build target for: /Users/parth/Projects/Python/miscellaneous/advent-of-code-2022/day3/main.scala[0m
2022.12.03 03:31:53 WARN  no build target for: /Users/parth/Projects/Python/miscellaneous/advent-of-code-2022/day3/main.scala[0m
2022.12.03 03:32:48 WARN  no build target for: /Users/parth/Projects/Python/miscellaneous/advent-of-code-2022/day3/main.scala[0m
Dec 03, 2022 3:42:38 AM org.eclipse.lsp4j.jsonrpc.RemoteEndpoint handleCancellation
WARNING: Unmatched cancel notification for request id 4151
2022.12.03 03:49:39 WARN  no build target for: /Users/parth/Projects/Python/miscellaneous/advent-of-code-2022/day3/main.scala[0m
2022.12.03 03:49:39 WARN  no build target for: /Users/parth/Projects/Python/miscellaneous/advent-of-code-2022/day3/main.scala[0m
2022.12.03 03:49:39 WARN  no build target for: /Users/parth/Projects/Python/miscellaneous/advent-of-code-2022/day3/main.scala[0m
2022.12.03 03:56:36 WARN  no build target for: /Users/parth/Projects/Python/miscellaneous/advent-of-code-2022/day3/main.scala[0m
2022.12.03 03:57:40 WARN  no build target for: /Users/parth/Projects/Python/miscellaneous/advent-of-code-2022/day3/main.scala[0m
2022.12.03 03:58:49 WARN  no build target for: /Users/parth/Projects/Python/miscellaneous/advent-of-code-2022/day3/day3.scala[0m
